<?xml version="1.0" encoding="UTF-8"?><testsuite name="nosetests" tests="38" errors="1" failures="0" skip="0"><testcase classname="eds.ZigBeeIPE.test.test_zigBeeCoordinator.TestZigBeeCoordinator" name="test__add_device_from_nd" time="0.000"></testcase><testcase classname="eds.ZigBeeIPE.test.test_zigBeeCoordinator.TestZigBeeCoordinator" name="test__add_device_from_rx" time="0.000"></testcase><testcase classname="eds.ZigBeeIPE.test.test_zigBeeCoordinator.TestZigBeeCoordinator" name="test__generate_simulated_data" time="0.000"></testcase><testcase classname="eds.ZigBeeIPE.test.test_zigBeeCoordinator.TestZigBeeCoordinator" name="test__get_device_handler" time="0.000"></testcase><testcase classname="eds.ZigBeeIPE.test.test_zigBeeCoordinator.TestZigBeeCoordinator" name="test__get_device_node_id" time="0.000"></testcase><testcase classname="eds.ZigBeeIPE.test.test_zigBeeCoordinator.TestZigBeeCoordinator" name="test__get_device_pid" time="0.000"></testcase><testcase classname="eds.ZigBeeIPE.test.test_zigBeeCoordinator.TestZigBeeCoordinator" name="test__get_sensor_handler" time="0.000"></testcase><testcase classname="eds.ZigBeeIPE.test.test_zigBeeCoordinator.TestZigBeeCoordinator" name="test__handle_ack" time="0.000"></testcase><testcase classname="eds.ZigBeeIPE.test.test_zigBeeCoordinator.TestZigBeeCoordinator" name="test__handle_device_data" time="0.000"></testcase><testcase classname="eds.ZigBeeIPE.test.test_zigBeeCoordinator.TestZigBeeCoordinator" name="test__handle_frame" time="0.000"></testcase><testcase classname="eds.ZigBeeIPE.test.test_zigBeeCoordinator.TestZigBeeCoordinator" name="test__handle_node_discover_frame" time="0.000"></testcase><testcase classname="eds.ZigBeeIPE.test.test_zigBeeCoordinator.TestZigBeeCoordinator" name="test__handle_rx_frame" time="0.000"></testcase><testcase classname="eds.ZigBeeIPE.test.test_zigBeeCoordinator.TestZigBeeCoordinator" name="test__handle_sensor_data" time="0.000"></testcase><testcase classname="eds.ZigBeeIPE.test.test_zigBeeCoordinator.TestZigBeeCoordinator" name="test__hex" time="0.000"></testcase><testcase classname="eds.ZigBeeIPE.test.test_zigBeeCoordinator.TestZigBeeCoordinator" name="test__parse_device_data" time="0.000"></testcase><testcase classname="eds.ZigBeeIPE.test.test_zigBeeCoordinator.TestZigBeeCoordinator" name="test__register_device" time="0.000"></testcase><testcase classname="eds.ZigBeeIPE.test.test_zigBeeCoordinator.TestZigBeeCoordinator" name="test__send_command_dev" time="0.000"></testcase><testcase classname="eds.ZigBeeIPE.test.test_zigBeeCoordinator.TestZigBeeCoordinator" name="test__send_node_discover" time="0.000"></testcase><testcase classname="eds.ZigBeeIPE.test.test_zigBeeCoordinator.TestZigBeeCoordinator" name="test__set_device_data" time="0.000"></testcase><testcase classname="eds.ZigBeeIPE.test.test_zigBeeCoordinator.TestZigBeeCoordinator" name="test__set_device_pid" time="0.000"></testcase><testcase classname="eds.ZigBeeIPE.test.test_zigBeeCoordinator.TestZigBeeCoordinator" name="test__set_tx_interval" time="0.000"></testcase><testcase classname="eds.ZigBeeIPE.test.test_zigBeeCoordinator.TestZigBeeCoordinator" name="test__time" time="0.000"></testcase><testcase classname="eds.ZigBeeIPE.test.test_zigBeeCoordinator.TestZigBeeCoordinator" name="test__update_device_data" time="0.000"></testcase><testcase classname="eds.ZigBeeIPE.test.test_zigBeeCoordinator.TestZigBeeCoordinator" name="test_add_handler" time="0.000"></testcase><testcase classname="eds.ZigBeeIPE.test.test_zigBeeCoordinator.TestZigBeeCoordinator" name="test_get_simulated_device" time="0.000"></testcase><testcase classname="eds.ZigBeeIPE.test.test_zigBeeCoordinator.TestZigBeeCoordinator" name="test_send_command_switch" time="0.000"></testcase><testcase classname="eds.ZigBeeIPE.test.test_zigBeeCoordinator.TestZigBeeCoordinator" name="test_shutdown" time="0.000"></testcase><testcase classname="eds.ZigBeeIPE.test.test_zigBeeCoordinator.TestZigBeeCoordinator" name="test_start" time="0.000"></testcase><testcase classname="eds.ZigBeeIPE.test.test_zigBeeCoordinator.TestZigBeeCoordinator" name="test_start_simulation" time="0.000"></testcase><testcase classname="eds.ZigBeeIPE.test.test_zigBeeIPE.TestZigBeeIPE" name="test__create_device_container" time="0.001"></testcase><testcase classname="eds.ZigBeeIPE.test.test_zigBeeIPE.TestZigBeeIPE" name="test__get_unified_data" time="0.000"></testcase><testcase classname="eds.ZigBeeIPE.test.test_zigBeeIPE.TestZigBeeIPE" name="test__handle_device_data" time="0.000"></testcase><testcase classname="eds.ZigBeeIPE.test.test_zigBeeIPE.TestZigBeeIPE" name="test__handle_sensor_data" time="0.000"></testcase><testcase classname="eds.ZigBeeIPE.test.test_zigBeeIPE.TestZigBeeIPE" name="test__handle_zbs110_switch" time="0.000"></testcase><testcase classname="eds.ZigBeeIPE.test.test_zigBeeIPE.TestZigBeeIPE" name="test__on_register" time="0.000"><error type="exceptions.AttributeError" message="'NoneType' object has no attribute 'create'"><![CDATA[Traceback (most recent call last):
  File "/usr/lib/python2.7/unittest/case.py", line 329, in run
    testMethod()
  File "/usr/lib/python2.7/dist-packages/nose/case.py", line 197, in runTest
    self.test(*self.arg)
  File "/home/sro/Desktop/ElasTest/elastest-device-emulator-service/eds/ZigBeeIPE/test/test_zigBeeIPE.py", line 26, in test__on_register
    self.zigbee.devices_container1 = self.zigbee.create_container(None,container1)
  File "/usr/local/lib/python2.7/dist-packages/openmtc_sdk-4.99.0-py2.7.egg/openmtc_app/onem2m.py", line 390, in create_container
    container = self.mapper.create(path, container)
AttributeError: 'NoneType' object has no attribute 'create'
]]></error></testcase><testcase classname="eds.ZigBeeIPE.test.test_zigBeeIPE.TestZigBeeIPE" name="test__on_shutdown" time="0.000"></testcase><testcase classname="eds.ZigBeeIPE.test.test_zigBeeIPE.TestZigBeeIPE" name="test__push_content" time="0.000"></testcase><testcase classname="eds.ZigBeeIPE.test.test_zigBeeIPE.TestZigBeeIPE" name="test__register_device" time="0.000"></testcase></testsuite>